<?xml version="1.0" encoding="UTF-8"?>
<!-- Generated by org.testng.reporters.JUnitReportReporter -->
<testsuite hostname="AFMLHO-WS02" failures="0" tests="1" name="locator_learning.TheMall" time="209.375" errors="0" timestamp="2025-03-06T11:55:36 BDT" skipped="0">
  <testcase classname="locator_learning.TheMall" name="myfirstTest" time="209.375"/>
</testsuite> <!-- locator_learning.TheMall -->
